## SLURM PROLOG ###############################################################
##    Job ID : 12730159
##  Job Name : skyline_multitask_hier
##  Nodelist : gpu1401
##      CPUs : 
##  Mem/Node : 16384 MB
## Directory : /gpfs/data/gdk/reai_group5/zach_pytorch_dqn/pytorch_dqn
##   Started : Fri May  8 22:51:45 EDT 2020
###############################################################################
using MALMO CNN 4 50 (9, 9)
building model
gcn model
starting init
finished initializing
finished initializing gcn
Number of trainable parameters: 51778
using MALMO CNN 4 50 (9, 9)
building model
gcn model
starting init
finished initializing
finished initializing gcn
Number of trainable parameters: 51778
Episode: 0, steps: 0, FPS: 0.9999997615814777
Episode: 1, steps: 100, FPS: 18.022934079984996
Episode: 2, steps: 200, FPS: 16.863809155487314
Episode: 3, steps: 300, FPS: 16.93887593600725
Episode: 4, steps: 400, FPS: 16.819611412608136
Episode: 5, steps: 500, FPS: 16.81413784899705
Episode: 6, steps: 600, FPS: 16.879875727369246
Episode: 7, steps: 700, FPS: 16.8121960209964
Episode: 8, steps: 800, FPS: 16.794672482348485
Episode: 9, steps: 900, FPS: 17.780636840422382
Episode: 10, steps: 990, FPS: 17.09032655823288
Episode: 11, steps: 1090, FPS: 16.876434732003823
Episode: 12, steps: 1190, FPS: 16.755305369188704
Episode: 13, steps: 1290, FPS: 14.165858146299568
Episode: 14, steps: 1390, FPS: 16.813852218667986
Episode: 15, steps: 1490, FPS: 16.943978298893384
Episode: 16, steps: 1590, FPS: 17.601061386811292
Episode: 17, steps: 1690, FPS: 16.88376088951028
Episode: 18, steps: 1790, FPS: 16.751461208887516
Episode: 19, steps: 1890, FPS: 16.841854704855162
Episode: 20, steps: 1990, FPS: 16.76786915808317
Episode: 21, steps: 2090, FPS: 16.91998583533085
Episode: 22, steps: 2190, FPS: 16.848559138454068
Episode: 23, steps: 2290, FPS: 16.923619044704633
Episode: 24, steps: 2390, FPS: 16.905621054587446
Episode: 25, steps: 2490, FPS: 16.820114285932096
Episode: 26, steps: 2590, FPS: 16.791414554144378
Episode: 27, steps: 2690, FPS: 17.741477603842423
Episode: 28, steps: 2790, FPS: 16.201918285517834
Episode: 29, steps: 2890, FPS: 16.760882602878162
Episode: 30, steps: 2965, FPS: 15.30060825234286
Episode: 31, steps: 3065, FPS: 16.944024383893044
Episode: 32, steps: 3165, FPS: 16.822628435620942
Episode: 33, steps: 3265, FPS: 13.911654781203875
Episode: 34, steps: 3365, FPS: 16.82017439232524
Episode: 35, steps: 3465, FPS: 16.825028399515993
Episode: 36, steps: 3565, FPS: 16.91816136987901
Episode: 37, steps: 3665, FPS: 17.780414445853403
Episode: 38, steps: 3765, FPS: 17.524368310459423
Episode: 39, steps: 3865, FPS: 16.834057110539817
Episode: 40, steps: 3965, FPS: 16.83570490574403
Episode: 41, steps: 4065, FPS: 16.851382102695943
Episode: 42, steps: 4165, FPS: 16.81650935586085
Episode: 43, steps: 4265, FPS: 16.320161003870226
Episode: 44, steps: 4365, FPS: 16.92627649985494
Episode: 45, steps: 4465, FPS: 16.840917353485704
Episode: 46, steps: 4565, FPS: 16.824306734818876
Episode: 47, steps: 4665, FPS: 16.86101155473143
Episode: 48, steps: 4765, FPS: 16.82807009459676
Episode: 49, steps: 4865, FPS: 16.644934584821115
Episode: 50, steps: 4965, FPS: 16.890067066720487
Episode: 51, steps: 5065, FPS: 16.855266900080196
Episode: 52, steps: 5165, FPS: 16.72825356121025
Episode: 53, steps: 5265, FPS: 16.86701062054039
Episode: 54, steps: 5365, FPS: 16.925789575400415
Episode: 55, steps: 5465, FPS: 16.899527754359664
Episode: 56, steps: 5565, FPS: 16.92389827492572
Episode: 57, steps: 5665, FPS: 16.86184845553122
Episode: 58, steps: 5765, FPS: 16.882411139573613
Episode: 59, steps: 5800, FPS: 10.893708189485878
Episode: 60, steps: 5900, FPS: 16.894066739795576
Episode: 61, steps: 6000, FPS: 16.89533412463443
Episode: 62, steps: 6100, FPS: 16.92125238086032
Episode: 63, steps: 6200, FPS: 16.88869139610024
Episode: 64, steps: 6300, FPS: 16.87167869148406
Episode: 65, steps: 6400, FPS: 17.012063323270993
Episode: 66, steps: 6500, FPS: 16.975521011111425
Episode: 67, steps: 6600, FPS: 16.892732182267373
Episode: 68, steps: 6700, FPS: 16.858188047055798
Episode: 69, steps: 6800, FPS: 16.791914411577213
Episode: 70, steps: 6900, FPS: 16.76349184540878
Episode: 71, steps: 7000, FPS: 16.822778747334414
Episode: 72, steps: 7100, FPS: 16.923866497656267
Episode: 73, steps: 7200, FPS: 16.766770136197525
Episode: 74, steps: 7300, FPS: 16.864238811721712
Episode: 75, steps: 7400, FPS: 16.882014868138867
Episode: 76, steps: 7500, FPS: 16.872123532427917
Episode: 77, steps: 7600, FPS: 16.94401625122783
Episode: 78, steps: 7700, FPS: 17.789871870838617
Episode: 79, steps: 7800, FPS: 16.798816283892638
Episode: 80, steps: 7900, FPS: 16.805249152249218
Episode: 81, steps: 8000, FPS: 16.87899937436593
Episode: 82, steps: 8100, FPS: 16.735772923817525
Episode: 83, steps: 8200, FPS: 16.88228734480141
Episode: 84, steps: 8300, FPS: 16.87196964974981
Episode: 85, steps: 8400, FPS: 16.700296748071004
Episode: 86, steps: 8500, FPS: 16.892748349294706
Episode: 87, steps: 8600, FPS: 16.917507361042723
Episode: 88, steps: 8700, FPS: 16.92581189215866
Episode: 89, steps: 8800, FPS: 16.880156206454746
Episode: 90, steps: 8900, FPS: 16.85061594836884
Episode: 91, steps: 9000, FPS: 16.972353704218534
Episode: 92, steps: 9100, FPS: 16.861704156362727
Episode: 93, steps: 9200, FPS: 16.87299513925961
Episode: 94, steps: 9300, FPS: 16.887122745201292
Episode: 95, steps: 9400, FPS: 16.924619042489983
Episode: 96, steps: 9500, FPS: 16.788034808015684
Episode: 97, steps: 9600, FPS: 16.720923768480656
Episode: 98, steps: 9700, FPS: 16.885830341979908
Episode: 99, steps: 9800, FPS: 16.628293007821945
Episode: 100, steps: 9900, FPS: 17.6110939763552
Episode: 101, steps: 10000, FPS: 16.808822577709588
Episode: 102, steps: 10100, FPS: 16.881430250364588
Episode: 103, steps: 10200, FPS: 16.785899462129677
Episode: 104, steps: 10300, FPS: 16.89605313506809
Episode: 105, steps: 10400, FPS: 16.838733060192894
Episode: 106, steps: 10500, FPS: 16.278828542976868
Episode: 107, steps: 10600, FPS: 16.80064841327407
Episode: 108, steps: 10700, FPS: 16.848521612536988
Episode: 109, steps: 10800, FPS: 16.88857491543846
Episode: 110, steps: 10900, FPS: 16.80293413844152
Episode: 111, steps: 11000, FPS: 16.796940597451684
Episode: 112, steps: 11100, FPS: 16.9738722589456
Episode: 113, steps: 11200, FPS: 16.847501775724947
Episode: 114, steps: 11300, FPS: 16.974848956296
Episode: 115, steps: 11400, FPS: 16.96383837720475
Episode: 116, steps: 11500, FPS: 16.6233000419757
Episode: 117, steps: 11600, FPS: 16.932397906212856
Episode: 118, steps: 11700, FPS: 16.912340577748715
Episode: 119, steps: 11800, FPS: 16.74730498167293
Episode: 120, steps: 11900, FPS: 16.89883204206686
Episode: 121, steps: 12000, FPS: 16.858708660815676
Episode: 122, steps: 12100, FPS: 16.850287522091342
Episode: 123, steps: 12200, FPS: 16.95075684156832
Episode: 124, steps: 12300, FPS: 16.82950410284627
Episode: 125, steps: 12400, FPS: 16.827708455581334
Episode: 126, steps: 12500, FPS: 16.861377311099904
Episode: 127, steps: 12600, FPS: 16.894369250850602
Episode: 128, steps: 12700, FPS: 13.483987330119943
Episode: 129, steps: 12800, FPS: 16.821738645293664
Episode: 130, steps: 12900, FPS: 16.668833593594883
Episode: 131, steps: 13000, FPS: 16.879142624621352
Episode: 132, steps: 13100, FPS: 16.86051629892175
Episode: 133, steps: 13200, FPS: 14.515805303003877
Episode: 134, steps: 13300, FPS: 16.84734499179038
Episode: 135, steps: 13400, FPS: 17.370997276570172
Episode: 136, steps: 13500, FPS: 16.818037539990137
Episode: 137, steps: 13600, FPS: 16.87011924559283
Episode: 138, steps: 13700, FPS: 16.825405293465856
Episode: 139, steps: 13800, FPS: 16.74753936025363
Episode: 140, steps: 13900, FPS: 16.952148747631
Episode: 141, steps: 13995, FPS: 16.632577031065722
Episode: 142, steps: 14095, FPS: 15.086062427229395
Episode: 143, steps: 14195, FPS: 16.23796009757847
Episode: 144, steps: 14295, FPS: 16.830800603155925
Episode: 145, steps: 14395, FPS: 16.898556334730188
Episode: 146, steps: 14495, FPS: 16.887072930161636
Episode: 147, steps: 14595, FPS: 16.844718959709194
Episode: 148, steps: 14695, FPS: 16.836582791114505
Episode: 149, steps: 14795, FPS: 16.80555115760129
Episode: 150, steps: 14895, FPS: 16.93514139138939
Episode: 151, steps: 14975, FPS: 16.574743840282324
Episode: 152, steps: 15022, FPS: 12.553845140807104
Episode: 153, steps: 15122, FPS: 16.71540079287776
Episode: 154, steps: 15222, FPS: 16.844305032415843
Episode: 155, steps: 15322, FPS: 16.856939644294748
Episode: 156, steps: 15422, FPS: 16.887125437914513
Episode: 157, steps: 15522, FPS: 16.819317582884207
Episode: 158, steps: 15622, FPS: 16.797364188878756
Episode: 159, steps: 15722, FPS: 16.763452044048428
Episode: 160, steps: 15822, FPS: 16.82248146676495
Episode: 161, steps: 15922, FPS: 16.858842173906087
Episode: 162, steps: 16022, FPS: 16.991910982339512
Episode: 163, steps: 16122, FPS: 17.58174772385466
Episode: 164, steps: 16222, FPS: 16.95203681690847
Episode: 165, steps: 16322, FPS: 16.87504850895174
Episode: 166, steps: 16422, FPS: 16.85897904379187
Episode: 167, steps: 16522, FPS: 16.839394380024842
Episode: 168, steps: 16567, FPS: 12.435530151706159
Episode: 169, steps: 16667, FPS: 16.797982297719734
Episode: 170, steps: 16767, FPS: 16.7641983510072
Episode: 171, steps: 16867, FPS: 16.98348019886191
Episode: 172, steps: 16967, FPS: 16.847475644866538
Episode: 173, steps: 17067, FPS: 16.95479549190434
Episode: 174, steps: 17167, FPS: 16.847962094136832
Episode: 175, steps: 17267, FPS: 16.77528269019293
Episode: 176, steps: 17367, FPS: 16.85058176462876
Episode: 177, steps: 17467, FPS: 16.7912534879159
Episode: 178, steps: 17567, FPS: 16.93783971412705
Episode: 179, steps: 17667, FPS: 16.82555030857952
Episode: 180, steps: 17767, FPS: 16.91525520101786
Episode: 181, steps: 17867, FPS: 17.68243776341059
Episode: 182, steps: 17967, FPS: 16.895412289626794
Episode: 183, steps: 18067, FPS: 14.3652301403882
Episode: 184, steps: 18167, FPS: 16.73859128628533
Episode: 185, steps: 18267, FPS: 16.822589689036917
Episode: 186, steps: 18353, FPS: 16.094849865197904
Episode: 187, steps: 18453, FPS: 16.86831827975486
Episode: 188, steps: 18553, FPS: 16.883377339413013
Episode: 189, steps: 18653, FPS: 16.822108711819297
Episode: 190, steps: 18753, FPS: 16.684581222724947
Episode: 191, steps: 18853, FPS: 16.825444721290808
Episode: 192, steps: 18953, FPS: 16.84487435514257
Episode: 193, steps: 19053, FPS: 16.91367080713351
Episode: 194, steps: 19153, FPS: 16.827103530423127
Episode: 195, steps: 19253, FPS: 17.66336203990428
Episode: 196, steps: 19353, FPS: 16.845017696575777
Episode: 197, steps: 19453, FPS: 16.797436787667245
Episode: 198, steps: 19553, FPS: 17.608228864696674
Episode: 199, steps: 19653, FPS: 16.840204366780842
Episode: 200, steps: 19753, FPS: 16.877523298568168
Episode: 201, steps: 19853, FPS: 16.817253718416985
Episode: 202, steps: 19953, FPS: 16.878192376107705
Episode: 203, steps: 20053, FPS: 16.815897892963047
Episode: 204, steps: 20153, FPS: 16.762133399175077
Episode: 205, steps: 20253, FPS: 16.804915825610372
Episode: 206, steps: 20353, FPS: 16.837577213933784
Episode: 207, steps: 20453, FPS: 16.807860223891765
Episode: 208, steps: 20553, FPS: 16.82786888501929
Episode: 209, steps: 20653, FPS: 16.853506651754014
Episode: 210, steps: 20753, FPS: 16.279820732579957
Episode: 211, steps: 20853, FPS: 16.9163055489634
Episode: 212, steps: 20953, FPS: 17.017711648960667
Episode: 213, steps: 21053, FPS: 16.873402412795667
Episode: 214, steps: 21153, FPS: 16.875739575197553
Episode: 215, steps: 21253, FPS: 16.252399314277753
Episode: 216, steps: 21353, FPS: 16.741628271056605
Episode: 217, steps: 21453, FPS: 16.83749690625062
Episode: 218, steps: 21553, FPS: 16.876187319535717
Episode: 219, steps: 21653, FPS: 16.85182386288348
Episode: 220, steps: 21753, FPS: 16.246145897606084
Episode: 221, steps: 21831, FPS: 14.817743816940613
Episode: 222, steps: 21931, FPS: 16.846248925796125
Episode: 223, steps: 22031, FPS: 16.826203910021285
Episode: 224, steps: 22131, FPS: 16.789108007790865
Episode: 225, steps: 22231, FPS: 16.39616522407405
Episode: 226, steps: 22331, FPS: 16.8254788031189
Episode: 227, steps: 22431, FPS: 17.786201500369224
Episode: 228, steps: 22531, FPS: 16.90108320210091
Episode: 229, steps: 22631, FPS: 16.723705441187942
Episode: 230, steps: 22731, FPS: 15.781001088177385
Episode: 231, steps: 22780, FPS: 12.874619989882769
Episode: 232, steps: 22880, FPS: 17.762586517850924
Episode: 233, steps: 22980, FPS: 16.927207820904922
Episode: 234, steps: 23080, FPS: 16.841705391186228
Episode: 235, steps: 23145, FPS: 13.86877710263546
Episode: 236, steps: 23245, FPS: 17.516656144605374
Episode: 237, steps: 23345, FPS: 16.896950130778198
Episode: 238, steps: 23445, FPS: 16.857824441568383
Episode: 239, steps: 23545, FPS: 16.88968255667452
Episode: 240, steps: 23617, FPS: 15.027340275714398
Episode: 241, steps: 23717, FPS: 15.861865140222168
Episode: 242, steps: 23791, FPS: 15.289339065306093
Episode: 243, steps: 23891, FPS: 16.78334175356835
Episode: 244, steps: 23991, FPS: 16.965439658199166
Episode: 245, steps: 24091, FPS: 16.85374669444535
Episode: 246, steps: 24191, FPS: 16.870393353930528
Episode: 247, steps: 24291, FPS: 16.892577249824694
Episode: 248, steps: 24391, FPS: 17.514513190044912
Episode: 249, steps: 24491, FPS: 16.912019193303806
Episode: 250, steps: 24591, FPS: 16.783707472759563
Episode: 251, steps: 24691, FPS: 16.702386661832353
Episode: 252, steps: 24791, FPS: 16.62694659536807
Episode: 253, steps: 24891, FPS: 16.855150209383982
Episode: 254, steps: 24991, FPS: 16.937908114408177
Episode: 255, steps: 25091, FPS: 16.81628172091824
Episode: 256, steps: 25170, FPS: 15.049842486413311
Episode: 257, steps: 25270, FPS: 16.877501108965646
Episode: 258, steps: 25370, FPS: 16.749578200943994
Episode: 259, steps: 25463, FPS: 16.462561114868144
Episode: 260, steps: 25563, FPS: 16.81541729831617
Episode: 261, steps: 25663, FPS: 16.667135674651306
Episode: 262, steps: 25744, FPS: 15.726838126290287
Episode: 263, steps: 25844, FPS: 16.3275834504385
Episode: 264, steps: 25944, FPS: 16.780524255435388
Episode: 265, steps: 26044, FPS: 16.849835789310898
Episode: 266, steps: 26144, FPS: 16.738314169160276
Episode: 267, steps: 26244, FPS: 16.803923923758745
Episode: 268, steps: 26344, FPS: 16.77744191406934
Episode: 269, steps: 26444, FPS: 16.926844613795364
Episode: 270, steps: 26544, FPS: 16.912780138016366
Episode: 271, steps: 26644, FPS: 16.778308417387652
Episode: 272, steps: 26744, FPS: 16.752491313216698
Episode: 273, steps: 26844, FPS: 16.855790016160878
Episode: 274, steps: 26944, FPS: 16.624638034922263
Episode: 275, steps: 27044, FPS: 17.677388529304093
Episode: 276, steps: 27144, FPS: 16.780012447222887
Episode: 277, steps: 27244, FPS: 16.87120699755828
Episode: 278, steps: 27344, FPS: 16.843025201477314
Episode: 279, steps: 27444, FPS: 16.74246527277304
Episode: 280, steps: 27544, FPS: 16.870706439546677
Episode: 281, steps: 27644, FPS: 16.816052757090286
Episode: 282, steps: 27744, FPS: 16.936546984982684
Episode: 283, steps: 27844, FPS: 16.80151998088324
Episode: 284, steps: 27944, FPS: 16.815967314460455
Episode: 285, steps: 28044, FPS: 16.92123886283124
Episode: 286, steps: 28144, FPS: 16.791895108940185
Episode: 287, steps: 28244, FPS: 16.802322329472027
Episode: 288, steps: 28344, FPS: 16.831125595347473
Episode: 289, steps: 28444, FPS: 16.929011236355578
Episode: 290, steps: 28544, FPS: 17.624234621963076
Episode: 291, steps: 28644, FPS: 17.63272289348596
Episode: 292, steps: 28744, FPS: 16.89092571189246
Episode: 293, steps: 28844, FPS: 16.91455279029126
Episode: 294, steps: 28944, FPS: 16.794265671533626
Episode: 295, steps: 29044, FPS: 16.816753686439426
Episode: 296, steps: 29144, FPS: 16.93781601118822
Episode: 297, steps: 29244, FPS: 16.845014347449037
Episode: 298, steps: 29344, FPS: 16.775440792958463
Episode: 299, steps: 29444, FPS: 16.762728355607745
Episode: 300, steps: 29544, FPS: 16.79703250698418
Episode: 301, steps: 29644, FPS: 15.586784443294677
Episode: 302, steps: 29744, FPS: 16.79119026028236
Episode: 303, steps: 29844, FPS: 16.920556230447733
Episode: 304, steps: 29944, FPS: 16.357624469301143
Episode: 305, steps: 30044, FPS: 16.79680007105314
Episode: 306, steps: 30144, FPS: 16.834544123207053
Episode: 307, steps: 30244, FPS: 15.980579974460479
Episode: 308, steps: 30344, FPS: 16.85005360995721
Episode: 309, steps: 30444, FPS: 17.793039286764184
Episode: 310, steps: 30544, FPS: 16.86231895509077
Episode: 311, steps: 30644, FPS: 16.888234235557356
Episode: 312, steps: 30744, FPS: 16.869981522951914
Episode: 313, steps: 30844, FPS: 16.915357190502252
Episode: 314, steps: 30944, FPS: 16.92357847933736
Episode: 315, steps: 31022, FPS: 16.621745033830656
Episode: 316, steps: 31122, FPS: 16.74413489452087
Episode: 317, steps: 31222, FPS: 16.87802896835558
Episode: 318, steps: 31322, FPS: 16.833865791844143
Episode: 319, steps: 31422, FPS: 16.838184900232616
Episode: 320, steps: 31522, FPS: 16.905617006665516
Episode: 321, steps: 31622, FPS: 16.90908341228236
Episode: 322, steps: 31722, FPS: 16.800028775708228
Episode: 323, steps: 31822, FPS: 16.74457766815471
Episode: 324, steps: 31922, FPS: 16.855086499628282
Episode: 325, steps: 32022, FPS: 16.94168249891081
Episode: 326, steps: 32122, FPS: 16.80592317911439
Episode: 327, steps: 32222, FPS: 16.895607031417136
Episode: 328, steps: 32322, FPS: 16.888512299330547
Episode: 329, steps: 32422, FPS: 16.826195221734555
Episode: 330, steps: 32522, FPS: 16.72768548888805
Episode: 331, steps: 32622, FPS: 16.839688242246176
Episode: 332, steps: 32722, FPS: 17.623442037753485
Episode: 333, steps: 32822, FPS: 16.87044374246181
Episode: 334, steps: 32922, FPS: 16.900838437765792
Episode: 335, steps: 33022, FPS: 16.855943603842853
Episode: 336, steps: 33122, FPS: 16.76048140607016
